<?xml version="1.0" encoding="UTF-8"?>
<robot generator="Robot 7.3.2 (Python 3.11.7 on win32)" generated="2025-11-27T19:05:07.282249" rpa="false" schemaversion="5">
<suite id="s1" name="testCases" source="C:\Users\Адилет\IdeaProjects\PythonProject\testCases">
<suite id="s1-s1" name="Test" source="C:\Users\Адилет\IdeaProjects\PythonProject\testCases\test.robot">
<kw name="Open Browser To Automation Test Store" owner="resources" type="SETUP">
<kw name="Open Browser" owner="SeleniumLibrary">
<msg time="2025-11-27T19:05:07.432281" level="INFO">Opening browser 'chrome' to base url 'https://automationteststore.com/'.</msg>
<msg time="2025-11-27T19:05:07.517965" level="INFO">Completed setup!</msg>
<msg time="2025-11-27T19:05:11.083449" level="ERROR">Unable to launch BrowserStack session. Error - Message: Automate testing time expired.
</msg>
<msg time="2025-11-27T19:05:11.118226" level="INFO">Cannot capture screenshot because no browser is open.</msg>
<msg time="2025-11-27T19:05:11.118226" level="FAIL">KeyError: 'sessionId'</msg>
<arg>https://automationteststore.com/</arg>
<arg>chrome</arg>
<doc>Opens a new browser instance to the optional ``url``.</doc>
<status status="FAIL" start="2025-11-27T19:05:07.431281" elapsed="3.686945">KeyError: 'sessionId'</status>
</kw>
<kw name="Maximize Browser Window" owner="SeleniumLibrary">
<doc>Maximizes current browser window.</doc>
<status status="NOT RUN" start="2025-11-27T19:05:11.118226" elapsed="0.000000"/>
</kw>
<status status="FAIL" start="2025-11-27T19:05:07.426281" elapsed="3.691945">KeyError: 'sessionId'</status>
</kw>
<test id="s1-s1-t1" name="Sign Up Test" line="10">
<doc>Verify that a new user can register successfully</doc>
<status status="FAIL" start="2025-11-27T19:05:11.134734" elapsed="0.000000">Parent suite setup failed:
KeyError: 'sessionId'</status>
</test>
<test id="s1-s1-t2" name="Log In Test" line="14">
<doc>Verify that the same user can log in from a new session</doc>
<status status="FAIL" start="2025-11-27T19:05:11.134734" elapsed="0.000000">Parent suite setup failed:
KeyError: 'sessionId'</status>
</test>
<test id="s1-s1-t3" name="Log Out Test" line="17">
<doc>Verify that user can log out successfully from a new session</doc>
<status status="FAIL" start="2025-11-27T19:05:11.142944" elapsed="0.001522">Parent suite setup failed:
KeyError: 'sessionId'</status>
</test>
<test id="s1-s1-t4" name="Buy Product Test" line="21">
<doc>Verify that user can log in and buy a product</doc>
<status status="FAIL" start="2025-11-27T19:05:11.144466" elapsed="0.000000">Parent suite setup failed:
KeyError: 'sessionId'</status>
</test>
<kw name="Close Browser" owner="SeleniumLibrary" type="TEARDOWN">
<doc>Closes the current browser.</doc>
<status status="PASS" start="2025-11-27T19:05:11.144466" elapsed="0.008027"/>
</kw>
<doc>Sign Up Test on Automation Test Store</doc>
<status status="FAIL" start="2025-11-27T19:05:07.320257" elapsed="3.832236">Suite setup failed:
KeyError: 'sessionId'</status>
</suite>
<status status="FAIL" start="2025-11-27T19:05:07.288267" elapsed="3.864226"/>
</suite>
<statistics>
<total>
<stat pass="0" fail="4" skip="0">All Tests</stat>
</total>
<tag>
</tag>
<suite>
<stat name="testCases" id="s1" pass="0" fail="4" skip="0">testCases</stat>
<stat name="Test" id="s1-s1" pass="0" fail="4" skip="0">testCases.Test</stat>
</suite>
</statistics>
<errors>
<msg time="2025-11-27T19:05:11.083449" level="ERROR">Unable to launch BrowserStack session. Error - Message: Automate testing time expired.
</msg>
</errors>
</robot>
