<?xml version="1.0" encoding="UTF-8"?>
<robot generator="Robot 7.3.2 (Python 3.11.7 on win32)" generated="2025-10-24T00:45:22.835469" rpa="false" schemaversion="5">
<suite id="s1" name="Test" source="C:\Users\Адилет\IdeaProjects\PythonProject\testCases\test.robot">
<kw name="Open Browser To Automation Test Store" owner="resources" type="SETUP">
<kw name="Open Browser" owner="SeleniumLibrary">
<msg time="2025-10-24T00:45:23.141015" level="INFO">Opening browser 'chrome' to base url 'https://automationteststore.com/'.</msg>
<arg>https://automationteststore.com/</arg>
<arg>chrome</arg>
<doc>Opens a new browser instance to the optional ``url``.</doc>
<status status="PASS" start="2025-10-24T00:45:23.141015" elapsed="5.549183"/>
</kw>
<kw name="Maximize Browser Window" owner="SeleniumLibrary">
<doc>Maximizes current browser window.</doc>
<status status="PASS" start="2025-10-24T00:45:28.695413" elapsed="0.044828"/>
</kw>
<status status="PASS" start="2025-10-24T00:45:23.141015" elapsed="5.599226"/>
</kw>
<test id="s1-t1" name="Sign Up Test" line="10">
<kw name="Generate Random Credentials" owner="resources">
<kw name="Generate Random Email" owner="testDatas">
<msg time="2025-10-24T00:45:28.742246" level="INFO">${email} = user_dbe6g_1761245128@example.com</msg>
<var>${email}</var>
<status status="PASS" start="2025-10-24T00:45:28.741239" elapsed="0.001007"/>
</kw>
<kw name="Generate Random Password" owner="testDatas">
<msg time="2025-10-24T00:45:28.742246" level="INFO">${password} = 15F7QBudB%</msg>
<var>${password}</var>
<status status="PASS" start="2025-10-24T00:45:28.742246" elapsed="0.000000"/>
</kw>
<kw name="Set Suite Variable" owner="BuiltIn">
<msg time="2025-10-24T00:45:28.743239" level="INFO">${RANDOM_EMAIL} = user_dbe6g_1761245128@example.com</msg>
<arg>${RANDOM_EMAIL}</arg>
<arg>${email}</arg>
<doc>Makes a variable available everywhere within the scope of the current suite.</doc>
<status status="PASS" start="2025-10-24T00:45:28.742246" elapsed="0.000993"/>
</kw>
<kw name="Set Suite Variable" owner="BuiltIn">
<msg time="2025-10-24T00:45:28.744239" level="INFO">${RANDOM_PASSWORD} = 15F7QBudB%</msg>
<arg>${RANDOM_PASSWORD}</arg>
<arg>${password}</arg>
<doc>Makes a variable available everywhere within the scope of the current suite.</doc>
<status status="PASS" start="2025-10-24T00:45:28.743239" elapsed="0.001000"/>
</kw>
<status status="PASS" start="2025-10-24T00:45:28.741239" elapsed="0.003000"/>
</kw>
<kw name="Fill Registration Form" owner="resources">
<kw name="Click Element" owner="SeleniumLibrary">
<msg time="2025-10-24T00:45:28.745240" level="INFO">Clicking element '//a[text()='Login or register']'.</msg>
<arg>${LOGIN_OR_REGISTER_BTN}</arg>
<doc>Click the element identified by ``locator``.</doc>
<status status="PASS" start="2025-10-24T00:45:28.745240" elapsed="1.082379"/>
</kw>
<kw name="Click Button" owner="SeleniumLibrary">
<msg time="2025-10-24T00:45:29.828620" level="INFO">Clicking button '//button[@title='Continue']'.</msg>
<arg>${CONTINUE_BTN}</arg>
<doc>Clicks the button identified by ``locator``.</doc>
<status status="PASS" start="2025-10-24T00:45:29.828620" elapsed="2.043520"/>
</kw>
<kw name="Input Text" owner="SeleniumLibrary">
<msg time="2025-10-24T00:45:31.872140" level="INFO">Typing text 'John' into text field 'id=AccountFrm_firstname'.</msg>
<arg>${FIRSTNAME_INPUT}</arg>
<arg>John</arg>
<doc>Types the given ``text`` into the text field identified by ``locator``.</doc>
<status status="PASS" start="2025-10-24T00:45:31.872140" elapsed="0.091154"/>
</kw>
<kw name="Input Text" owner="SeleniumLibrary">
<msg time="2025-10-24T00:45:31.963294" level="INFO">Typing text 'Doe' into text field 'id=AccountFrm_lastname'.</msg>
<arg>${LASTNAME_INPUT}</arg>
<arg>Doe</arg>
<doc>Types the given ``text`` into the text field identified by ``locator``.</doc>
<status status="PASS" start="2025-10-24T00:45:31.963294" elapsed="0.061014"/>
</kw>
<kw name="Input Text" owner="SeleniumLibrary">
<msg time="2025-10-24T00:45:32.025308" level="INFO">Typing text 'user_dbe6g_1761245128@example.com' into text field 'id=AccountFrm_email'.</msg>
<arg>${EMAIL_INPUT}</arg>
<arg>${RANDOM_EMAIL}</arg>
<doc>Types the given ``text`` into the text field identified by ``locator``.</doc>
<status status="PASS" start="2025-10-24T00:45:32.024308" elapsed="0.091019"/>
</kw>
<kw name="Input Text" owner="SeleniumLibrary">
<msg time="2025-10-24T00:45:32.116328" level="INFO">Typing text 'Main Street 123' into text field 'id=AccountFrm_address_1'.</msg>
<arg>${ADDRESS_INPUT}</arg>
<arg>Main Street 123</arg>
<doc>Types the given ``text`` into the text field identified by ``locator``.</doc>
<status status="PASS" start="2025-10-24T00:45:32.115327" elapsed="0.069534"/>
</kw>
<kw name="Input Text" owner="SeleniumLibrary">
<msg time="2025-10-24T00:45:32.185860" level="INFO">Typing text 'New York' into text field 'id=AccountFrm_city'.</msg>
<arg>${CITY_INPUT}</arg>
<arg>New York</arg>
<doc>Types the given ``text`` into the text field identified by ``locator``.</doc>
<status status="PASS" start="2025-10-24T00:45:32.184861" elapsed="0.062336"/>
</kw>
<kw name="Select From List By Label" owner="SeleniumLibrary">
<msg time="2025-10-24T00:45:32.248196" level="INFO">Selecting options from selection list 'id=AccountFrm_country_id' by label United States.</msg>
<arg>${COUNTRY_SELECT}</arg>
<arg>United States</arg>
<doc>Selects options from selection list ``locator`` by ``labels``.</doc>
<status status="PASS" start="2025-10-24T00:45:32.247197" elapsed="0.085922"/>
</kw>
<kw name="Wait Until Element Is Visible" owner="SeleniumLibrary">
<arg>${REGION_SELECT}</arg>
<arg>5s</arg>
<doc>Waits until the element ``locator`` is visible.</doc>
<status status="PASS" start="2025-10-24T00:45:32.333119" elapsed="0.017038"/>
</kw>
<kw name="Select From List By Label" owner="SeleniumLibrary">
<msg time="2025-10-24T00:45:32.350157" level="INFO">Selecting options from selection list 'id=AccountFrm_zone_id' by label Guam.</msg>
<msg time="2025-10-24T00:45:32.505418" level="INFO" html="true">&lt;/td&gt;&lt;/tr&gt;&lt;tr&gt;&lt;td colspan="3"&gt;&lt;a href="selenium-screenshot-38.png"&gt;&lt;img src="selenium-screenshot-38.png" width="800px"&gt;&lt;/a&gt;</msg>
<msg time="2025-10-24T00:45:32.505418" level="FAIL">NoSuchElementException: Message: Could not locate element with visible text: Guam; For documentation on this error, please visit: https://www.selenium.dev/documentation/webdriver/troubleshooting/errors#nosuchelementexception
</msg>
<arg>${REGION_SELECT}</arg>
<arg>Guam</arg>
<doc>Selects options from selection list ``locator`` by ``labels``.</doc>
<status status="FAIL" start="2025-10-24T00:45:32.350157" elapsed="0.160050">NoSuchElementException: Message: Could not locate element with visible text: Guam; For documentation on this error, please visit: https://www.selenium.dev/documentation/webdriver/troubleshooting/errors#nosuchelementexception
</status>
</kw>
<kw name="Input Text" owner="SeleniumLibrary">
<arg>${ZIP_INPUT}</arg>
<arg>10001</arg>
<doc>Types the given ``text`` into the text field identified by ``locator``.</doc>
<status status="NOT RUN" start="2025-10-24T00:45:32.510207" elapsed="0.000000"/>
</kw>
<kw name="Input Text" owner="SeleniumLibrary">
<arg>${LOGIN_NAME_INPUT}</arg>
<arg>${RANDOM_EMAIL}</arg>
<doc>Types the given ``text`` into the text field identified by ``locator``.</doc>
<status status="NOT RUN" start="2025-10-24T00:45:32.510207" elapsed="0.000000"/>
</kw>
<kw name="Input Text" owner="SeleniumLibrary">
<arg>${PASSWORD_INPUT}</arg>
<arg>${RANDOM_PASSWORD}</arg>
<doc>Types the given ``text`` into the text field identified by ``locator``.</doc>
<status status="NOT RUN" start="2025-10-24T00:45:32.510207" elapsed="0.000000"/>
</kw>
<kw name="Input Text" owner="SeleniumLibrary">
<arg>${CONFIRM_INPUT}</arg>
<arg>${RANDOM_PASSWORD}</arg>
<doc>Types the given ``text`` into the text field identified by ``locator``.</doc>
<status status="NOT RUN" start="2025-10-24T00:45:32.511209" elapsed="0.000000"/>
</kw>
<kw name="Click Element" owner="SeleniumLibrary">
<arg>${PRIVACY_CHECKBOX}</arg>
<doc>Click the element identified by ``locator``.</doc>
<status status="NOT RUN" start="2025-10-24T00:45:32.511209" elapsed="0.000000"/>
</kw>
<kw name="Click Element" owner="SeleniumLibrary">
<arg>${CONTINUE_SUBMIT}</arg>
<doc>Click the element identified by ``locator``.</doc>
<status status="NOT RUN" start="2025-10-24T00:45:32.511209" elapsed="0.000000"/>
</kw>
<kw name="Wait Until Page Contains" owner="SeleniumLibrary">
<arg>Your Account Has Been Created!</arg>
<arg>10s</arg>
<doc>Waits until ``text`` appears on the current page.</doc>
<status status="NOT RUN" start="2025-10-24T00:45:32.511209" elapsed="0.000000"/>
</kw>
<status status="FAIL" start="2025-10-24T00:45:28.745240" elapsed="3.765969">NoSuchElementException: Message: Could not locate element with visible text: Guam; For documentation on this error, please visit: https://www.selenium.dev/documentation/webdriver/troubleshooting/errors#nosuchelementexception
</status>
</kw>
<doc>Verify that a new user can register successfully</doc>
<status status="FAIL" start="2025-10-24T00:45:28.740241" elapsed="3.771617">NoSuchElementException: Message: Could not locate element with visible text: Guam; For documentation on this error, please visit: https://www.selenium.dev/documentation/webdriver/troubleshooting/errors#nosuchelementexception
</status>
</test>
<kw name="Close Browser" owner="SeleniumLibrary" type="TEARDOWN">
<doc>Closes the current browser.</doc>
<status status="PASS" start="2025-10-24T00:45:32.512875" elapsed="2.156272"/>
</kw>
<doc>Sign Up Test on Automation Test Store</doc>
<status status="FAIL" start="2025-10-24T00:45:22.836464" elapsed="11.832683"/>
</suite>
<statistics>
<total>
<stat pass="0" fail="1" skip="0">All Tests</stat>
</total>
<tag>
</tag>
<suite>
<stat name="Test" id="s1" pass="0" fail="1" skip="0">Test</stat>
</suite>
</statistics>
<errors>
</errors>
</robot>
